time="2022-01-31T09:52:08+08:00" level=info msg="duration is:721h52m8.937369s"
time="2022-01-31T09:52:08+08:00" level=info msg="perc is:0.08240515402616058"
time="2022-01-31T09:52:08+08:00" level=info msg="the gap block indicator is:0.4721546207848175"
time="2022-01-31T09:52:10+08:00" level=info msg="---\nstartTime:2022-01-31 01:52:00 +0000 UTC"
time="2022-01-31T09:52:10+08:00" level=info msg="addMinutes:0s"
time="2022-01-31T09:52:10+08:00" level=info msg="duration is:721h52m0s"
time="2022-01-31T09:52:10+08:00" level=info msg="perc is:0.0824048706240487"
time="2022-01-31T09:52:10+08:00" level=info msg="realTimePerc:0.0824048706240487"
time="2022-01-31T09:52:10+08:00" level=info msg="roundPerc:0.09"
time="2022-01-31T09:52:10+08:00" level=info msg="differVal:0.00759512937595129"
time="2022-01-31T09:52:10+08:00" level=info msg="addMinutes:1m0s"
time="2022-01-31T09:52:10+08:00" level=info msg="duration is:721h53m0s"
time="2022-01-31T09:52:10+08:00" level=info msg="perc is:0.08240677321156774"
time="2022-01-31T09:52:10+08:00" level=info msg="realTimePerc:0.08240677321156774"
time="2022-01-31T09:52:10+08:00" level=info msg="roundPerc:0.09"
time="2022-01-31T09:52:10+08:00" level=info msg="differVal:0.0075932267884322585"
time="2022-01-31T09:52:10+08:00" level=info msg="addMinutes:2m0s"
time="2022-01-31T09:52:10+08:00" level=info msg="duration is:721h54m0s"
time="2022-01-31T09:52:10+08:00" level=info msg="perc is:0.08240867579908676"
time="2022-01-31T09:52:10+08:00" level=info msg="realTimePerc:0.08240867579908676"
time="2022-01-31T09:52:10+08:00" level=info msg="roundPerc:0.09"
time="2022-01-31T09:52:10+08:00" level=info msg="differVal:0.007591324200913241"
time="2022-01-31T09:52:10+08:00" level=info msg="addMinutes:3m0s"
time="2022-01-31T09:52:10+08:00" level=info msg="duration is:721h55m0s"
time="2022-01-31T09:52:10+08:00" level=info msg="perc is:0.08241057838660577"
time="2022-01-31T09:52:10+08:00" level=info msg="realTimePerc:0.08241057838660577"
time="2022-01-31T09:52:10+08:00" level=info msg="roundPerc:0.09"
time="2022-01-31T09:52:10+08:00" level=info msg="differVal:0.007589421613394223"
time="2022-01-31T09:52:10+08:00" level=info msg="addMinutes:4m0s"
time="2022-01-31T09:52:10+08:00" level=info msg="duration is:721h56m0s"
time="2022-01-31T09:52:10+08:00" level=info msg="perc is:0.0824124809741248"
time="2022-01-31T09:52:10+08:00" level=info msg="realTimePerc:0.0824124809741248"
time="2022-01-31T09:52:10+08:00" level=info msg="roundPerc:0.09"
time="2022-01-31T09:52:10+08:00" level=info msg="differVal:0.007587519025875192"
time="2022-01-31T09:52:10+08:00" level=info msg="addMinutes:5m0s"
time="2022-01-31T09:52:10+08:00" level=info msg="duration is:721h57m0s"
time="2022-01-31T09:52:10+08:00" level=info msg="perc is:0.08241438356164384"
time="2022-01-31T09:52:10+08:00" level=info msg="realTimePerc:0.08241438356164384"
time="2022-01-31T09:52:10+08:00" level=info msg="roundPerc:0.09"
time="2022-01-31T09:52:10+08:00" level=info msg="differVal:0.00758561643835616"
time="2022-01-31T09:52:10+08:00" level=info msg="addMinutes:6m0s"
time="2022-01-31T09:52:10+08:00" level=info msg="duration is:721h58m0s"
time="2022-01-31T09:52:10+08:00" level=info msg="perc is:0.08241628614916287"
time="2022-01-31T09:52:10+08:00" level=info msg="realTimePerc:0.08241628614916287"
time="2022-01-31T09:52:10+08:00" level=info msg="roundPerc:0.09"
time="2022-01-31T09:52:10+08:00" level=info msg="differVal:0.007583713850837129"
time="2022-01-31T09:52:10+08:00" level=info msg="addMinutes:7m0s"
time="2022-01-31T09:52:10+08:00" level=info msg="duration is:721h59m0s"
time="2022-01-31T09:52:10+08:00" level=info msg="perc is:0.08241818873668189"
time="2022-01-31T09:52:10+08:00" level=info msg="realTimePerc:0.08241818873668189"
time="2022-01-31T09:52:10+08:00" level=info msg="roundPerc:0.09"
time="2022-01-31T09:52:10+08:00" level=info msg="differVal:0.007581811263318111"
time="2022-01-31T09:52:10+08:00" level=info msg="addMinutes:8m0s"
time="2022-01-31T09:52:10+08:00" level=info msg="duration is:722h0m0s"
time="2022-01-31T09:52:10+08:00" level=info msg="perc is:0.08242009132420092"
time="2022-01-31T09:52:10+08:00" level=info msg="realTimePerc:0.08242009132420092"
time="2022-01-31T09:52:10+08:00" level=info msg="roundPerc:0.09"
time="2022-01-31T09:52:10+08:00" level=info msg="differVal:0.00757990867579908"
time="2022-01-31T09:52:10+08:00" level=info msg="addMinutes:9m0s"
time="2022-01-31T09:52:10+08:00" level=info msg="duration is:722h1m0s"
time="2022-01-31T09:52:10+08:00" level=info msg="perc is:0.08242199391171993"
time="2022-01-31T09:52:10+08:00" level=info msg="realTimePerc:0.08242199391171993"
time="2022-01-31T09:52:10+08:00" level=info msg="roundPerc:0.09"
time="2022-01-31T09:52:10+08:00" level=info msg="differVal:0.007578006088280062"
time="2022-01-31T09:52:10+08:00" level=info msg="addMinutes:10m0s"
time="2022-01-31T09:52:10+08:00" level=info msg="duration is:722h2m0s"
time="2022-01-31T09:52:10+08:00" level=info msg="perc is:0.08242389649923897"
time="2022-01-31T09:52:10+08:00" level=info msg="realTimePerc:0.08242389649923897"
time="2022-01-31T09:52:10+08:00" level=info msg="roundPerc:0.09"
time="2022-01-31T09:52:10+08:00" level=info msg="differVal:0.0075761035007610306"
time="2022-01-31T09:52:10+08:00" level=info msg="addMinutes:11m0s"
time="2022-01-31T09:52:10+08:00" level=info msg="duration is:722h3m0s"
time="2022-01-31T09:52:10+08:00" level=info msg="perc is:0.08242579908675798"
time="2022-01-31T09:52:10+08:00" level=info msg="realTimePerc:0.08242579908675798"
time="2022-01-31T09:52:10+08:00" level=info msg="roundPerc:0.09"
time="2022-01-31T09:52:10+08:00" level=info msg="differVal:0.007574200913242013"
time="2022-01-31T09:52:10+08:00" level=info msg="addMinutes:12m0s"
time="2022-01-31T09:52:10+08:00" level=info msg="duration is:722h4m0s"
time="2022-01-31T09:52:10+08:00" level=info msg="perc is:0.08242770167427703"
time="2022-01-31T09:52:10+08:00" level=info msg="realTimePerc:0.08242770167427703"
time="2022-01-31T09:52:10+08:00" level=info msg="roundPerc:0.09"
time="2022-01-31T09:52:10+08:00" level=info msg="differVal:0.007572298325722968"
time="2022-01-31T09:52:10+08:00" level=info msg="addMinutes:13m0s"
time="2022-01-31T09:52:10+08:00" level=info msg="duration is:722h5m0s"
time="2022-01-31T09:52:10+08:00" level=info msg="perc is:0.08242960426179605"
time="2022-01-31T09:52:10+08:00" level=info msg="realTimePerc:0.08242960426179605"
time="2022-01-31T09:52:10+08:00" level=info msg="roundPerc:0.09"
time="2022-01-31T09:52:10+08:00" level=info msg="differVal:0.00757039573820395"
time="2022-01-31T09:52:10+08:00" level=info msg="addMinutes:14m0s"
time="2022-01-31T09:52:10+08:00" level=info msg="duration is:722h6m0s"
time="2022-01-31T09:52:10+08:00" level=info msg="perc is:0.08243150684931506"
time="2022-01-31T09:52:10+08:00" level=info msg="realTimePerc:0.08243150684931506"
time="2022-01-31T09:52:10+08:00" level=info msg="roundPerc:0.09"
time="2022-01-31T09:52:10+08:00" level=info msg="differVal:0.007568493150684932"
time="2022-01-31T09:52:10+08:00" level=info msg="######## went to sleep ########"
